<?xml version="1.0" encoding="UTF-8"?>
<!-- Generated by org.testng.reporters.JUnitReportReporter -->
<testsuite hostname="sumaiya" failures="0" tests="1" name="TestNg.NewTest" time="19.290" errors="0" timestamp="14 Mar 2019 15:43:38 GMT" skipped="0">
  <testcase classname="TestNg.NewTest" name="verifyHomepageTitle" time="19.290"/>
</testsuite> <!-- TestNg.NewTest -->
