<?xml version="1.0" encoding="UTF-8"?>
<!-- Generated by org.testng.reporters.JUnitReportReporter -->
<testsuite hostname="sumaiya" failures="0" tests="1" name="TestNg.test_two" time="0.013" errors="0" timestamp="15 Mar 2019 07:25:32 GMT" skipped="0">
  <testcase classname="TestNg.test_two" name="verifyhomepagetitle" time="0.013"/>
</testsuite> <!-- TestNg.test_two -->
